2025-01-13 14:56:27 - Starting ComHotelsServicesApplication using Java 17.0.4.1 with PID 21452 (C:\Users\pablo\Desktop\Cursos de spring\HotelsBooks_SpringBoot\com-hotels-services\target\classes started by pablo in C:\Users\pablo\Desktop\Cursos de spring\HotelsBooks_SpringBoot\com-hotels-services)
2025-01-13 14:56:27 - No active profile set, falling back to 1 default profile: "default"
2025-01-13 14:56:27 - Bootstrapping Spring Data JPA repositories in DEFAULT mode.
2025-01-13 14:56:27 - Finished Spring Data repository scanning in 7 ms. Found 1 JPA repository interface.
2025-01-13 14:56:27 - Tomcat initialized with port 8081 (http)
2025-01-13 14:56:27 - Starting service [Tomcat]
2025-01-13 14:56:27 - Starting Servlet engine: [Apache Tomcat/10.1.34]
2025-01-13 14:56:27 - Initializing Spring embedded WebApplicationContext
2025-01-13 14:56:27 - Root WebApplicationContext: initialization completed in 207 ms
2025-01-13 14:56:27 - HikariPool-8 - Starting...
2025-01-13 14:56:27 - HikariPool-8 - Added connection com.mysql.cj.jdbc.ConnectionImpl@4384da85
2025-01-13 14:56:27 - HikariPool-8 - Start completed.
2025-01-13 14:56:27 - HHH000204: Processing PersistenceUnitInfo [name: default]
2025-01-13 14:56:27 - HHH000026: Second-level cache disabled
2025-01-13 14:56:27 - No LoadTimeWeaver setup: ignoring JPA class transformer
2025-01-13 14:56:27 - HHH90000025: MySQLDialect does not need to be specified explicitly using 'hibernate.dialect' (remove the property setting and it will be selected by default)
2025-01-13 14:56:27 - HHH10001005: Database info:
	Database JDBC URL [Connecting through datasource 'HikariDataSource (HikariPool-8)']
	Database driver: undefined/unknown
	Database version: 8.0.31
	Autocommit mode: undefined/unknown
	Isolation level: undefined/unknown
	Minimum pool size: undefined/unknown
	Maximum pool size: undefined/unknown
2025-01-13 14:56:27 - HHH000182: No default (no-argument) constructor for class: com.hotelsbook.services.entity.HotelServiceEntity (class must be instantiated by Interceptor)
2025-01-13 14:56:27 - HHH000489: No JTA platform available (set 'hibernate.transaction.jta.platform' to enable JTA platform integration)
2025-01-13 14:56:27 - Initialized JPA EntityManagerFactory for persistence unit 'default'
2025-01-13 14:56:27 - spring.jpa.open-in-view is enabled by default. Therefore, database queries may be performed during view rendering. Explicitly configure spring.jpa.open-in-view to disable this warning
2025-01-13 14:56:27 - LiveReload server is running on port 35729
2025-01-13 14:56:27 - Tomcat started on port 8081 (http) with context path '/'
2025-01-13 14:56:27 - Started ComHotelsServicesApplication in 0.547 seconds (process running for 1335.04)
2025-01-13 14:56:27 - Condition evaluation unchanged
2025-01-13 14:58:04 - Application shutdown requested.
2025-01-13 14:58:04 - Commencing graceful shutdown. Waiting for active requests to complete
2025-01-13 14:58:04 - Graceful shutdown complete
2025-01-13 14:58:04 - Closing JPA EntityManagerFactory for persistence unit 'default'
2025-01-13 14:58:04 - HikariPool-8 - Shutdown initiated...
2025-01-13 14:58:04 - HikariPool-8 - Shutdown completed.
2025-01-13 14:58:08 - HV000001: Hibernate Validator 8.0.2.Final
2025-01-13 14:58:08 - Starting ComHotelsServicesApplication using Java 17.0.4.1 with PID 6532 (C:\Users\pablo\Desktop\Cursos de spring\HotelsBooks_SpringBoot\com-hotels-services\target\classes started by pablo in C:\Users\pablo\Desktop\Cursos de spring\HotelsBooks_SpringBoot\com-hotels-services)
2025-01-13 14:58:08 - No active profile set, falling back to 1 default profile: "default"
2025-01-13 14:58:08 - Devtools property defaults active! Set 'spring.devtools.add-properties' to 'false' to disable
2025-01-13 14:58:08 - For additional web related logging consider setting the 'logging.level.web' property to 'DEBUG'
2025-01-13 14:58:08 - Bootstrapping Spring Data JPA repositories in DEFAULT mode.
2025-01-13 14:58:08 - Finished Spring Data repository scanning in 46 ms. Found 1 JPA repository interface.
2025-01-13 14:58:09 - Tomcat initialized with port 8081 (http)
2025-01-13 14:58:09 - Initializing ProtocolHandler ["http-nio-8081"]
2025-01-13 14:58:09 - Starting service [Tomcat]
2025-01-13 14:58:09 - Starting Servlet engine: [Apache Tomcat/10.1.34]
2025-01-13 14:58:09 - Initializing Spring embedded WebApplicationContext
2025-01-13 14:58:09 - Root WebApplicationContext: initialization completed in 1290 ms
2025-01-13 14:58:09 - HikariPool-1 - Starting...
2025-01-13 14:58:09 - HikariPool-1 - Added connection com.mysql.cj.jdbc.ConnectionImpl@78ceaecd
2025-01-13 14:58:09 - HikariPool-1 - Start completed.
2025-01-13 14:58:09 - HHH000204: Processing PersistenceUnitInfo [name: default]
2025-01-13 14:58:09 - HHH000412: Hibernate ORM core version 6.6.4.Final
2025-01-13 14:58:09 - HHH000026: Second-level cache disabled
2025-01-13 14:58:10 - No LoadTimeWeaver setup: ignoring JPA class transformer
2025-01-13 14:58:10 - HHH90000025: MySQLDialect does not need to be specified explicitly using 'hibernate.dialect' (remove the property setting and it will be selected by default)
2025-01-13 14:58:10 - HHH10001005: Database info:
	Database JDBC URL [Connecting through datasource 'HikariDataSource (HikariPool-1)']
	Database driver: undefined/unknown
	Database version: 8.0.31
	Autocommit mode: undefined/unknown
	Isolation level: undefined/unknown
	Minimum pool size: undefined/unknown
	Maximum pool size: undefined/unknown
2025-01-13 14:58:10 - HHH000182: No default (no-argument) constructor for class: com.hotelsbook.services.entity.HotelServiceEntity (class must be instantiated by Interceptor)
2025-01-13 14:58:10 - HHH000489: No JTA platform available (set 'hibernate.transaction.jta.platform' to enable JTA platform integration)
2025-01-13 14:58:10 - Initialized JPA EntityManagerFactory for persistence unit 'default'
2025-01-13 14:58:11 - Hibernate is in classpath; If applicable, HQL parser will be used.
2025-01-13 14:58:11 - spring.jpa.open-in-view is enabled by default. Therefore, database queries may be performed during view rendering. Explicitly configure spring.jpa.open-in-view to disable this warning
2025-01-13 14:58:11 - LiveReload server is running on port 35729
2025-01-13 14:58:11 - Starting ProtocolHandler ["http-nio-8081"]
2025-01-13 14:58:11 - Tomcat started on port 8081 (http) with context path '/'
2025-01-13 14:58:11 - Started ComHotelsServicesApplication in 3.946 seconds (process running for 4.625)
2025-01-13 14:58:36 - Initializing Spring DispatcherServlet 'dispatcherServlet'
2025-01-13 14:58:36 - Initializing Servlet 'dispatcherServlet'
2025-01-13 14:58:36 - Completed initialization in 7 ms
2025-01-13 14:58:36 - 5
2025-01-13 15:01:39 - Restarting due to 1 class path change (0 additions, 0 deletions, 1 modification)
2025-01-13 15:01:39 - Commencing graceful shutdown. Waiting for active requests to complete
2025-01-13 15:01:39 - Pausing ProtocolHandler ["http-nio-8081"]
2025-01-13 15:01:39 - Graceful shutdown complete
2025-01-13 15:01:39 - Stopping ProtocolHandler ["http-nio-8081"]
2025-01-13 15:01:39 - Closing JPA EntityManagerFactory for persistence unit 'default'
2025-01-13 15:01:39 - HikariPool-1 - Shutdown initiated...
2025-01-13 15:01:39 - HikariPool-1 - Shutdown completed.
2025-01-13 15:01:39 - Starting ComHotelsServicesApplication using Java 17.0.4.1 with PID 6532 (C:\Users\pablo\Desktop\Cursos de spring\HotelsBooks_SpringBoot\com-hotels-services\target\classes started by pablo in C:\Users\pablo\Desktop\Cursos de spring\HotelsBooks_SpringBoot\com-hotels-services)
2025-01-13 15:01:39 - No active profile set, falling back to 1 default profile: "default"
2025-01-13 15:01:39 - Bootstrapping Spring Data JPA repositories in DEFAULT mode.
2025-01-13 15:01:39 - Finished Spring Data repository scanning in 10 ms. Found 1 JPA repository interface.
2025-01-13 15:01:39 - Tomcat initialized with port 8081 (http)
2025-01-13 15:01:39 - Initializing ProtocolHandler ["http-nio-8081"]
2025-01-13 15:01:39 - Starting service [Tomcat]
2025-01-13 15:01:39 - Starting Servlet engine: [Apache Tomcat/10.1.34]
2025-01-13 15:01:39 - Initializing Spring embedded WebApplicationContext
2025-01-13 15:01:39 - Root WebApplicationContext: initialization completed in 288 ms
2025-01-13 15:01:39 - HikariPool-2 - Starting...
2025-01-13 15:01:39 - HikariPool-2 - Added connection com.mysql.cj.jdbc.ConnectionImpl@28bffe8b
2025-01-13 15:01:39 - HikariPool-2 - Start completed.
2025-01-13 15:01:39 - HHH000204: Processing PersistenceUnitInfo [name: default]
2025-01-13 15:01:39 - HHH000026: Second-level cache disabled
2025-01-13 15:01:39 - No LoadTimeWeaver setup: ignoring JPA class transformer
2025-01-13 15:01:39 - HHH90000025: MySQLDialect does not need to be specified explicitly using 'hibernate.dialect' (remove the property setting and it will be selected by default)
2025-01-13 15:01:39 - HHH10001005: Database info:
	Database JDBC URL [Connecting through datasource 'HikariDataSource (HikariPool-2)']
	Database driver: undefined/unknown
	Database version: 8.0.31
	Autocommit mode: undefined/unknown
	Isolation level: undefined/unknown
	Minimum pool size: undefined/unknown
	Maximum pool size: undefined/unknown
2025-01-13 15:01:39 - HHH000182: No default (no-argument) constructor for class: com.hotelsbook.services.entity.HotelServiceEntity (class must be instantiated by Interceptor)
2025-01-13 15:01:39 - HHH000489: No JTA platform available (set 'hibernate.transaction.jta.platform' to enable JTA platform integration)
2025-01-13 15:01:39 - Initialized JPA EntityManagerFactory for persistence unit 'default'
2025-01-13 15:01:39 - spring.jpa.open-in-view is enabled by default. Therefore, database queries may be performed during view rendering. Explicitly configure spring.jpa.open-in-view to disable this warning
2025-01-13 15:01:39 - LiveReload server is running on port 35729
2025-01-13 15:01:39 - Starting ProtocolHandler ["http-nio-8081"]
2025-01-13 15:01:39 - Tomcat started on port 8081 (http) with context path '/'
2025-01-13 15:01:39 - Started ComHotelsServicesApplication in 0.594 seconds (process running for 212.869)
2025-01-13 15:01:39 - Condition evaluation unchanged
2025-01-13 15:05:17 - Restarting due to 1 class path change (0 additions, 0 deletions, 1 modification)
2025-01-13 15:05:17 - Commencing graceful shutdown. Waiting for active requests to complete
2025-01-13 15:05:17 - Pausing ProtocolHandler ["http-nio-8081"]
2025-01-13 15:05:17 - Graceful shutdown complete
2025-01-13 15:05:17 - Stopping ProtocolHandler ["http-nio-8081"]
2025-01-13 15:05:17 - Closing JPA EntityManagerFactory for persistence unit 'default'
2025-01-13 15:05:17 - HikariPool-2 - Shutdown initiated...
2025-01-13 15:05:17 - HikariPool-2 - Shutdown completed.
2025-01-13 15:05:17 - Starting ComHotelsServicesApplication using Java 17.0.4.1 with PID 6532 (C:\Users\pablo\Desktop\Cursos de spring\HotelsBooks_SpringBoot\com-hotels-services\target\classes started by pablo in C:\Users\pablo\Desktop\Cursos de spring\HotelsBooks_SpringBoot\com-hotels-services)
2025-01-13 15:05:17 - No active profile set, falling back to 1 default profile: "default"
2025-01-13 15:05:17 - Bootstrapping Spring Data JPA repositories in DEFAULT mode.
2025-01-13 15:05:17 - Finished Spring Data repository scanning in 6 ms. Found 1 JPA repository interface.
2025-01-13 15:05:18 - Tomcat initialized with port 8080 (http)
2025-01-13 15:05:18 - Initializing ProtocolHandler ["http-nio-8080"]
2025-01-13 15:05:18 - Starting service [Tomcat]
2025-01-13 15:05:18 - Starting Servlet engine: [Apache Tomcat/10.1.34]
2025-01-13 15:05:18 - Initializing Spring embedded WebApplicationContext
2025-01-13 15:05:18 - Root WebApplicationContext: initialization completed in 223 ms
2025-01-13 15:05:18 - HikariPool-3 - Starting...
2025-01-13 15:05:18 - HikariPool-3 - Added connection com.mysql.cj.jdbc.ConnectionImpl@6b391c44
2025-01-13 15:05:18 - HikariPool-3 - Start completed.
2025-01-13 15:05:18 - HHH000204: Processing PersistenceUnitInfo [name: default]
2025-01-13 15:05:18 - HHH000026: Second-level cache disabled
2025-01-13 15:05:18 - No LoadTimeWeaver setup: ignoring JPA class transformer
2025-01-13 15:05:18 - HHH90000025: MySQLDialect does not need to be specified explicitly using 'hibernate.dialect' (remove the property setting and it will be selected by default)
2025-01-13 15:05:18 - HHH10001005: Database info:
	Database JDBC URL [Connecting through datasource 'HikariDataSource (HikariPool-3)']
	Database driver: undefined/unknown
	Database version: 8.0.31
	Autocommit mode: undefined/unknown
	Isolation level: undefined/unknown
	Minimum pool size: undefined/unknown
	Maximum pool size: undefined/unknown
2025-01-13 15:05:18 - HHH000182: No default (no-argument) constructor for class: com.hotelsbook.services.entity.HotelServiceEntity (class must be instantiated by Interceptor)
2025-01-13 15:05:18 - HHH000489: No JTA platform available (set 'hibernate.transaction.jta.platform' to enable JTA platform integration)
2025-01-13 15:05:18 - Initialized JPA EntityManagerFactory for persistence unit 'default'
2025-01-13 15:05:18 - spring.jpa.open-in-view is enabled by default. Therefore, database queries may be performed during view rendering. Explicitly configure spring.jpa.open-in-view to disable this warning
2025-01-13 15:05:18 - LiveReload server is running on port 35729
2025-01-13 15:05:18 - Starting ProtocolHandler ["http-nio-8080"]
2025-01-13 15:05:18 - Tomcat started on port 8080 (http) with context path '/'
2025-01-13 15:05:18 - Started ComHotelsServicesApplication in 0.466 seconds (process running for 431.302)
2025-01-13 15:05:18 - Condition evaluation unchanged
2025-01-13 15:13:32 - Restarting due to 1 class path change (0 additions, 0 deletions, 1 modification)
2025-01-13 15:13:32 - Commencing graceful shutdown. Waiting for active requests to complete
2025-01-13 15:13:32 - Pausing ProtocolHandler ["http-nio-8080"]
2025-01-13 15:13:32 - Graceful shutdown complete
2025-01-13 15:13:32 - Stopping ProtocolHandler ["http-nio-8080"]
2025-01-13 15:13:32 - Closing JPA EntityManagerFactory for persistence unit 'default'
2025-01-13 15:13:32 - HikariPool-3 - Shutdown initiated...
2025-01-13 15:13:32 - HikariPool-3 - Shutdown completed.
2025-01-13 15:13:32 - Starting ComHotelsServicesApplication using Java 17.0.4.1 with PID 6532 (C:\Users\pablo\Desktop\Cursos de spring\HotelsBooks_SpringBoot\com-hotels-services\target\classes started by pablo in C:\Users\pablo\Desktop\Cursos de spring\HotelsBooks_SpringBoot\com-hotels-services)
2025-01-13 15:13:32 - No active profile set, falling back to 1 default profile: "default"
2025-01-13 15:13:32 - Bootstrapping Spring Data JPA repositories in DEFAULT mode.
2025-01-13 15:13:32 - Finished Spring Data repository scanning in 6 ms. Found 1 JPA repository interface.
2025-01-13 15:13:32 - Tomcat initialized with port 8080 (http)
2025-01-13 15:13:32 - Initializing ProtocolHandler ["http-nio-8080"]
2025-01-13 15:13:32 - Starting service [Tomcat]
2025-01-13 15:13:32 - Starting Servlet engine: [Apache Tomcat/10.1.34]
2025-01-13 15:13:32 - Initializing Spring embedded WebApplicationContext
2025-01-13 15:13:32 - Root WebApplicationContext: initialization completed in 201 ms
2025-01-13 15:13:32 - HHH000204: Processing PersistenceUnitInfo [name: default]
2025-01-13 15:13:32 - HHH000026: Second-level cache disabled
2025-01-13 15:13:32 - No LoadTimeWeaver setup: ignoring JPA class transformer
2025-01-13 15:13:32 - HikariPool-4 - Starting...
2025-01-13 15:13:32 - HikariPool-4 - Added connection com.mysql.cj.jdbc.ConnectionImpl@37bb6dca
2025-01-13 15:13:32 - HikariPool-4 - Start completed.
2025-01-13 15:13:32 - HHH90000025: MySQLDialect does not need to be specified explicitly using 'hibernate.dialect' (remove the property setting and it will be selected by default)
2025-01-13 15:13:32 - HHH10001005: Database info:
	Database JDBC URL [Connecting through datasource 'HikariDataSource (HikariPool-4)']
	Database driver: undefined/unknown
	Database version: 8.0.31
	Autocommit mode: undefined/unknown
	Isolation level: undefined/unknown
	Minimum pool size: undefined/unknown
	Maximum pool size: undefined/unknown
2025-01-13 15:13:32 - HHH000182: No default (no-argument) constructor for class: com.hotelsbook.services.entity.HotelServiceEntity (class must be instantiated by Interceptor)
2025-01-13 15:13:32 - HHH000489: No JTA platform available (set 'hibernate.transaction.jta.platform' to enable JTA platform integration)
2025-01-13 15:13:32 - Initialized JPA EntityManagerFactory for persistence unit 'default'
2025-01-13 15:13:32 - spring.jpa.open-in-view is enabled by default. Therefore, database queries may be performed during view rendering. Explicitly configure spring.jpa.open-in-view to disable this warning
2025-01-13 15:13:32 - LiveReload server is running on port 35729
2025-01-13 15:13:32 - Starting ProtocolHandler ["http-nio-8080"]
2025-01-13 15:13:32 - Tomcat started on port 8080 (http) with context path '/'
2025-01-13 15:13:32 - Started ComHotelsServicesApplication in 0.504 seconds (process running for 926.014)
2025-01-13 15:13:32 - Condition evaluation unchanged
2025-01-13 15:40:51 - HikariPool-4 - Thread starvation or clock leap detected (housekeeper delta=4m47s828ms189µs199ns).
2025-01-13 16:35:01 - HikariPool-4 - Thread starvation or clock leap detected (housekeeper delta=44m38s337ms551µs300ns).
2025-01-13 16:52:04 - HikariPool-4 - Thread starvation or clock leap detected (housekeeper delta=1m32s731ms665µs900ns).
2025-01-13 20:10:37 - HikariPool-4 - Thread starvation or clock leap detected (housekeeper delta=3h11m2s824ms551µs).
2025-01-13 20:11:17 - Initializing Spring DispatcherServlet 'dispatcherServlet'
2025-01-13 20:11:17 - Initializing Servlet 'dispatcherServlet'
2025-01-13 20:11:17 - Completed initialization in 2 ms
